Arguments: 
  C:\Program Files\nodejs\node.exe C:\Users\Matt\AppData\Roaming\npm\node_modules\yarn\bin\yarn.js add pixijs

PATH: 
  C:\Program Files (x86)\Microsoft SDKs\Azure\CLI2\wbin;C:\Python39\Scripts\;C:\Python39\;C:\Windows\system32;C:\Windows;C:\Windows\System32\Wbem;C:\Windows\System32\WindowsPowerShell\v1.0\;C:\Windows\System32\OpenSSH\;C:\ProgramData\chocolatey\bin;C:\Program Files\Git\cmd;C:\Program Files (x86)\Microsoft SQL Server\150\DTS\Binn\;C:\Program Files\Azure Data Studio\bin;C:\Program Files\nodejs\;C:\Program Files\dotnet\;C:\Users\Matt\AppData\Roaming\Python\Python39\Scripts;C:\Program Files (x86)\dotnet\;C:\Program Files\WireGuard\;C:\Users\Matt\AppData\Local\Microsoft\PowerAppsCLI\;C:\Users\Matt\AppData\Local\Microsoft\WindowsApps;C:\Users\Matt\AppData\Local\Programs\Microsoft VS Code\bin;C:\Program Files\Azure Data Studio\bin;C:\Users\Matt\AppData\Roaming\npm;C:\Users\Matt\.dotnet\tools;C:\Users\Matt\.azure-kubectl;C:\Users\Matt\.azure-kubelogin;

Yarn version: 
  1.22.10

Node version: 
  14.15.5

Platform: 
  win32 x64

Trace: 
  Error: https://registry.yarnpkg.com/pixijs: Not found
      at Request.params.callback [as _callback] (C:\Users\Matt\AppData\Roaming\npm\node_modules\yarn\lib\cli.js:66988:18)
      at Request.self.callback (C:\Users\Matt\AppData\Roaming\npm\node_modules\yarn\lib\cli.js:140662:22)
      at Request.emit (events.js:315:20)
      at Request.<anonymous> (C:\Users\Matt\AppData\Roaming\npm\node_modules\yarn\lib\cli.js:141634:10)
      at Request.emit (events.js:315:20)
      at IncomingMessage.<anonymous> (C:\Users\Matt\AppData\Roaming\npm\node_modules\yarn\lib\cli.js:141556:12)
      at Object.onceWrapper (events.js:421:28)
      at IncomingMessage.emit (events.js:327:22)
      at endReadableNT (internal/streams/readable.js:1327:12)
      at processTicksAndRejections (internal/process/task_queues.js:80:21)

npm manifest: 
  {
    "name": "BPMNSHMUP",
    "version": "0.1",
    "description": "PixiJS and 2d Space Experiments",
    "main": "index.html",
    "author": "Matt F",
    "license": "COPYRIGHT"
  }

yarn manifest: 
  No manifest

Lockfile: 
  No lockfile
